  BiTree.cpp
C:\Users\27703\Desktop\表达式求值-last\nead.h(1,1): warning C4828: 文件包含在偏移 0xb4b 处开始的字符，该字符在当前源字符集中无效(代码页 936)。
  calcSuffixExp.cpp
C:\Users\27703\Desktop\表达式求值-last\nead.h(1,1): warning C4828: 文件包含在偏移 0xb4b 处开始的字符，该字符在当前源字符集中无效(代码页 936)。
  check.cpp
C:\Users\27703\Desktop\表达式求值-last\nead.h(1,1): warning C4828: 文件包含在偏移 0xb4b 处开始的字符，该字符在当前源字符集中无效(代码页 936)。
  infixToSuffixExp.cpp
C:\Users\27703\Desktop\表达式求值-last\nead.h(1,1): warning C4828: 文件包含在偏移 0xb4b 处开始的字符，该字符在当前源字符集中无效(代码页 936)。
  var.cpp
C:\Users\27703\Desktop\表达式求值-last\nead.h(1,1): warning C4828: 文件包含在偏移 0xb4b 处开始的字符，该字符在当前源字符集中无效(代码页 936)。
C:\Users\27703\Desktop\表达式求值-last\var.cpp(39,10): warning C4475: “printf”: 不可在格式说明符中将长度修饰符“ll”与类型字段字符“f”一起使用
C:\Users\27703\Desktop\表达式求值-last\var.cpp(52,10): warning C4475: “printf”: 不可在格式说明符中将长度修饰符“ll”与类型字段字符“f”一起使用
C:\Users\27703\Desktop\表达式求值-last\var.cpp(60,20): warning C4475: “sprintf”: 不可在格式说明符中将长度修饰符“ll”与类型字段字符“f”一起使用
C:\Users\27703\Desktop\表达式求值-last\var.cpp(60,2): warning C4996: 'sprintf': This function or variable may be unsafe. Consider using sprintf_s instead. To disable deprecation, use _CRT_SECURE_NO_WARNINGS. See online help for details.
  main.cpp
C:\Users\27703\Desktop\表达式求值-last\nead.h(1,1): warning C4828: 文件包含在偏移 0xb4b 处开始的字符，该字符在当前源字符集中无效(代码页 936)。
C:\Users\27703\Desktop\表达式求值-last\main.cpp(114,20): warning C4475: “printf”: 不可在格式说明符中将长度修饰符“ll”与类型字段字符“f”一起使用
C:\Users\27703\Desktop\表达式求值-last\main.cpp(13,9): warning C4996: 'scanf': This function or variable may be unsafe. Consider using scanf_s instead. To disable deprecation, use _CRT_SECURE_NO_WARNINGS. See online help for details.
C:\Users\27703\Desktop\表达式求值-last\main.cpp(22,13): warning C4996: 'scanf': This function or variable may be unsafe. Consider using scanf_s instead. To disable deprecation, use _CRT_SECURE_NO_WARNINGS. See online help for details.
C:\Users\27703\Desktop\表达式求值-last\main.cpp(52,13): warning C4996: 'scanf': This function or variable may be unsafe. Consider using scanf_s instead. To disable deprecation, use _CRT_SECURE_NO_WARNINGS. See online help for details.
C:\Users\27703\Desktop\表达式求值-last\main.cpp(55,13): warning C4996: 'scanf': This function or variable may be unsafe. Consider using scanf_s instead. To disable deprecation, use _CRT_SECURE_NO_WARNINGS. See online help for details.
C:\Users\27703\Desktop\表达式求值-last\main.cpp(89,13): warning C4996: 'scanf': This function or variable may be unsafe. Consider using scanf_s instead. To disable deprecation, use _CRT_SECURE_NO_WARNINGS. See online help for details.
C:\Users\27703\Desktop\表达式求值-last\main.cpp(97,13): warning C4996: 'scanf': This function or variable may be unsafe. Consider using scanf_s instead. To disable deprecation, use _CRT_SECURE_NO_WARNINGS. See online help for details.
C:\Users\27703\Desktop\表达式求值-last\main.cpp(145,16): warning C4475: “printf”: 不可在格式说明符中将长度修饰符“ll”与类型字段字符“f”一起使用
  正在生成代码
  Previous IPDB not found, fall back to full compilation.
C:\Users\27703\Desktop\表达式求值-last\infixToSuffixExp.cpp(134): warning C4715: “priority”: 不是所有的控件路径都返回值
C:\Users\27703\Desktop\表达式求值-last\calcSuffixExp.cpp(112): warning C4715: “calc”: 不是所有的控件路径都返回值
  All 558 functions were compiled because no usable IPDB/IOBJ from previous compilation was found.
  已完成代码的生成
  表达式求值.vcxproj -> C:\Users\27703\Desktop\表达式求值-last\Release\表达式求值.exe
